D:\ドキュメント\VISUAL STUDIO 2012\PROJECTS\SUPERMARIOBROS\DEBUG\VC110.PDB
D:\ドキュメント\VISUAL STUDIO 2012\PROJECTS\SUPERMARIOBROS\DEBUG\SUPERMARIOBROS.OBJ
D:\ドキュメント\VISUAL STUDIO 2012\PROJECTS\SUPERMARIOBROS\DEBUG\SUPERMARIOBROS.ILK
D:\ドキュメント\VISUAL STUDIO 2012\PROJECTS\SUPERMARIOBROS\DEBUG\SUPERMARIOBROS.EXE
D:\ドキュメント\VISUAL STUDIO 2012\PROJECTS\SUPERMARIOBROS\DEBUG\SUPERMARIOBROS.PDB
d:\ドキュメント\visual studio 2012\Projects\SuperMarioBros\Debug\SuperMarioBros.lib
d:\ドキュメント\visual studio 2012\Projects\SuperMarioBros\Debug\SuperMarioBros.exp
d:\ドキュメント\visual studio 2012\Projects\SuperMarioBros\Debug\SuperMarioBros.obj
d:\ドキュメント\visual studio 2012\Projects\SuperMarioBros\Debug\SuperMarioBros.ilk
d:\ドキュメント\visual studio 2012\Projects\SuperMarioBros\Debug\cl.command.1.tlog
d:\ドキュメント\visual studio 2012\Projects\SuperMarioBros\Debug\CL.read.1.tlog
d:\ドキュメント\visual studio 2012\Projects\SuperMarioBros\Debug\CL.write.1.tlog
d:\ドキュメント\visual studio 2012\Projects\SuperMarioBros\Debug\link-cvtres.read.1.tlog
d:\ドキュメント\visual studio 2012\Projects\SuperMarioBros\Debug\link-cvtres.write.1.tlog
d:\ドキュメント\visual studio 2012\Projects\SuperMarioBros\Debug\link-rc.read.1.tlog
d:\ドキュメント\visual studio 2012\Projects\SuperMarioBros\Debug\link-rc.write.1.tlog
d:\ドキュメント\visual studio 2012\Projects\SuperMarioBros\Debug\link.10792-cvtres.read.1.tlog
d:\ドキュメント\visual studio 2012\Projects\SuperMarioBros\Debug\link.10792-cvtres.write.1.tlog
d:\ドキュメント\visual studio 2012\Projects\SuperMarioBros\Debug\link.10792-rc.read.1.tlog
d:\ドキュメント\visual studio 2012\Projects\SuperMarioBros\Debug\link.10792-rc.write.1.tlog
d:\ドキュメント\visual studio 2012\Projects\SuperMarioBros\Debug\link.10792.read.1.tlog
d:\ドキュメント\visual studio 2012\Projects\SuperMarioBros\Debug\link.10792.write.1.tlog
d:\ドキュメント\visual studio 2012\Projects\SuperMarioBros\Debug\link.10860-cvtres.read.1.tlog
d:\ドキュメント\visual studio 2012\Projects\SuperMarioBros\Debug\link.10860-cvtres.write.1.tlog
d:\ドキュメント\visual studio 2012\Projects\SuperMarioBros\Debug\link.10860-rc.read.1.tlog
d:\ドキュメント\visual studio 2012\Projects\SuperMarioBros\Debug\link.10860-rc.write.1.tlog
d:\ドキュメント\visual studio 2012\Projects\SuperMarioBros\Debug\link.10860.read.1.tlog
d:\ドキュメント\visual studio 2012\Projects\SuperMarioBros\Debug\link.10860.write.1.tlog
d:\ドキュメント\visual studio 2012\Projects\SuperMarioBros\Debug\link.11840-cvtres.read.1.tlog
d:\ドキュメント\visual studio 2012\Projects\SuperMarioBros\Debug\link.11840-cvtres.write.1.tlog
d:\ドキュメント\visual studio 2012\Projects\SuperMarioBros\Debug\link.11840-rc.read.1.tlog
d:\ドキュメント\visual studio 2012\Projects\SuperMarioBros\Debug\link.11840-rc.write.1.tlog
d:\ドキュメント\visual studio 2012\Projects\SuperMarioBros\Debug\link.11840.read.1.tlog
d:\ドキュメント\visual studio 2012\Projects\SuperMarioBros\Debug\link.11840.write.1.tlog
d:\ドキュメント\visual studio 2012\Projects\SuperMarioBros\Debug\link.14852-cvtres.read.1.tlog
d:\ドキュメント\visual studio 2012\Projects\SuperMarioBros\Debug\link.14852-cvtres.write.1.tlog
d:\ドキュメント\visual studio 2012\Projects\SuperMarioBros\Debug\link.14852-rc.read.1.tlog
d:\ドキュメント\visual studio 2012\Projects\SuperMarioBros\Debug\link.14852-rc.write.1.tlog
d:\ドキュメント\visual studio 2012\Projects\SuperMarioBros\Debug\link.14852.read.1.tlog
d:\ドキュメント\visual studio 2012\Projects\SuperMarioBros\Debug\link.14852.write.1.tlog
d:\ドキュメント\visual studio 2012\Projects\SuperMarioBros\Debug\link.16456-cvtres.read.1.tlog
d:\ドキュメント\visual studio 2012\Projects\SuperMarioBros\Debug\link.16456-cvtres.write.1.tlog
d:\ドキュメント\visual studio 2012\Projects\SuperMarioBros\Debug\link.16456-rc.read.1.tlog
d:\ドキュメント\visual studio 2012\Projects\SuperMarioBros\Debug\link.16456-rc.write.1.tlog
d:\ドキュメント\visual studio 2012\Projects\SuperMarioBros\Debug\link.16456.read.1.tlog
d:\ドキュメント\visual studio 2012\Projects\SuperMarioBros\Debug\link.16456.write.1.tlog
d:\ドキュメント\visual studio 2012\Projects\SuperMarioBros\Debug\link.18304-cvtres.read.1.tlog
d:\ドキュメント\visual studio 2012\Projects\SuperMarioBros\Debug\link.18304-cvtres.write.1.tlog
d:\ドキュメント\visual studio 2012\Projects\SuperMarioBros\Debug\link.18304-rc.read.1.tlog
d:\ドキュメント\visual studio 2012\Projects\SuperMarioBros\Debug\link.18304-rc.write.1.tlog
d:\ドキュメント\visual studio 2012\Projects\SuperMarioBros\Debug\link.18304.read.1.tlog
d:\ドキュメント\visual studio 2012\Projects\SuperMarioBros\Debug\link.18304.write.1.tlog
d:\ドキュメント\visual studio 2012\Projects\SuperMarioBros\Debug\link.6800-cvtres.read.1.tlog
d:\ドキュメント\visual studio 2012\Projects\SuperMarioBros\Debug\link.6800-cvtres.write.1.tlog
d:\ドキュメント\visual studio 2012\Projects\SuperMarioBros\Debug\link.6800-rc.read.1.tlog
d:\ドキュメント\visual studio 2012\Projects\SuperMarioBros\Debug\link.6800-rc.write.1.tlog
d:\ドキュメント\visual studio 2012\Projects\SuperMarioBros\Debug\link.6800.read.1.tlog
d:\ドキュメント\visual studio 2012\Projects\SuperMarioBros\Debug\link.6800.write.1.tlog
d:\ドキュメント\visual studio 2012\Projects\SuperMarioBros\Debug\link.9420-cvtres.read.1.tlog
d:\ドキュメント\visual studio 2012\Projects\SuperMarioBros\Debug\link.9420-cvtres.write.1.tlog
d:\ドキュメント\visual studio 2012\Projects\SuperMarioBros\Debug\link.9420-rc.read.1.tlog
d:\ドキュメント\visual studio 2012\Projects\SuperMarioBros\Debug\link.9420-rc.write.1.tlog
d:\ドキュメント\visual studio 2012\Projects\SuperMarioBros\Debug\link.9420.read.1.tlog
d:\ドキュメント\visual studio 2012\Projects\SuperMarioBros\Debug\link.9420.write.1.tlog
d:\ドキュメント\visual studio 2012\Projects\SuperMarioBros\Debug\link.9796-cvtres.read.1.tlog
d:\ドキュメント\visual studio 2012\Projects\SuperMarioBros\Debug\link.9796-cvtres.write.1.tlog
d:\ドキュメント\visual studio 2012\Projects\SuperMarioBros\Debug\link.9796-rc.read.1.tlog
d:\ドキュメント\visual studio 2012\Projects\SuperMarioBros\Debug\link.9796-rc.write.1.tlog
d:\ドキュメント\visual studio 2012\Projects\SuperMarioBros\Debug\link.9796.read.1.tlog
d:\ドキュメント\visual studio 2012\Projects\SuperMarioBros\Debug\link.9796.write.1.tlog
d:\ドキュメント\visual studio 2012\Projects\SuperMarioBros\Debug\link.command.1.tlog
d:\ドキュメント\visual studio 2012\Projects\SuperMarioBros\Debug\link.read.1.tlog
d:\ドキュメント\visual studio 2012\Projects\SuperMarioBros\Debug\link.write.1.tlog
d:\ドキュメント\visual studio 2012\Projects\SuperMarioBros\Debug\SuperMarioBros.write.1.tlog
d:\ドキュメント\visual studio 2012\Projects\SuperMarioBros\Debug\vc110.idb
d:\ドキュメント\visual studio 2012\Projects\SuperMarioBros\Debug\SuperMarioBros.pdb
d:\ドキュメント\visual studio 2012\Projects\SuperMarioBros\Debug\vc110.pdb
d:\ドキュメント\visual studio 2012\Projects\SuperMarioBros\Debug\SuperMarioBros.exe
